<?xml version="1.0" encoding="UTF-8"?>
<testng-results ignored="0" total="2" passed="2" failed="0" skipped="0">
  <reporter-output>
    <line>
      <![CDATA[Home Page is Displayed]]>
    </line>
    <line>
      <![CDATA[Home Page is Displayed]]>
    </line>
  </reporter-output>
  <suite started-at="2024-10-23T11:06:09 IST" name="Suite" finished-at="2024-10-23T11:06:39 IST" duration-ms="30055">
    <groups>
    </groups>
    <test started-at="2024-10-23T11:06:09 IST" name="TestQA" finished-at="2024-10-23T11:06:37 IST" duration-ms="28623">
      <class name="script.ValidLogin">
        <test-method is-config="true" signature="preCondition(java.lang.reflect.Method,java.lang.String)[pri:0, instance:script.ValidLogin@20140db9]" started-at="2024-10-23T11:06:09 IST" name="preCondition" finished-at="2024-10-23T11:06:26 IST" duration-ms="16684" status="PASS">
          <params>
            <param index="0">
              <value>
                <![CDATA[public void script.ValidLogin.testValidLogin()]]>
              </value>
            </param>
            <param index="1">
              <value>
                <![CDATA[config.properties]]>
              </value>
            </param>
          </params>
          <reporter-output>
          </reporter-output>
        </test-method> <!-- preCondition -->
        <test-method signature="testValidLogin()[pri:1, instance:script.ValidLogin@20140db9]" started-at="2024-10-23T11:06:26 IST" name="testValidLogin" finished-at="2024-10-23T11:06:36 IST" duration-ms="10116" status="PASS">
          <reporter-output>
            <line>
              <![CDATA[Home Page is Displayed]]>
            </line>
          </reporter-output>
        </test-method> <!-- testValidLogin -->
        <test-method is-config="true" signature="postCondition(org.testng.ITestResult)[pri:0, instance:script.ValidLogin@20140db9]" started-at="2024-10-23T11:06:36 IST" name="postCondition" finished-at="2024-10-23T11:06:37 IST" duration-ms="1670" status="PASS">
          <params>
            <param index="0">
              <value>
                <![CDATA[[TestResult name=testValidLogin status=SUCCESS method=ValidLogin.testValidLogin()[pri:1, instance:script.ValidLogin@20140db9] output=Home Page is Displayed]]]>
              </value>
            </param>
          </params>
          <reporter-output>
          </reporter-output>
        </test-method> <!-- postCondition -->
      </class> <!-- script.ValidLogin -->
    </test> <!-- TestQA -->
    <test started-at="2024-10-23T11:06:09 IST" name="TestP" finished-at="2024-10-23T11:06:39 IST" duration-ms="30055">
      <class name="script.ValidLogin">
        <test-method is-config="true" signature="initReport()[pri:0, instance:script.ValidLogin@543295b0]" started-at="2024-10-23T11:06:08 IST" name="initReport" finished-at="2024-10-23T11:06:09 IST" duration-ms="526" status="PASS">
          <reporter-output>
          </reporter-output>
        </test-method> <!-- initReport -->
        <test-method is-config="true" signature="preCondition(java.lang.reflect.Method,java.lang.String)[pri:0, instance:script.ValidLogin@543295b0]" started-at="2024-10-23T11:06:09 IST" name="preCondition" finished-at="2024-10-23T11:06:35 IST" duration-ms="25719" status="PASS">
          <params>
            <param index="0">
              <value>
                <![CDATA[public void script.ValidLogin.testValidLogin()]]>
              </value>
            </param>
            <param index="1">
              <value>
                <![CDATA[qa.properties]]>
              </value>
            </param>
          </params>
          <reporter-output>
          </reporter-output>
        </test-method> <!-- preCondition -->
        <test-method signature="testValidLogin()[pri:1, instance:script.ValidLogin@543295b0]" started-at="2024-10-23T11:06:35 IST" name="testValidLogin" finished-at="2024-10-23T11:06:37 IST" duration-ms="2427" status="PASS">
          <reporter-output>
            <line>
              <![CDATA[Home Page is Displayed]]>
            </line>
          </reporter-output>
        </test-method> <!-- testValidLogin -->
        <test-method is-config="true" signature="postCondition(org.testng.ITestResult)[pri:0, instance:script.ValidLogin@543295b0]" started-at="2024-10-23T11:06:37 IST" name="postCondition" finished-at="2024-10-23T11:06:39 IST" duration-ms="1762" status="PASS">
          <params>
            <param index="0">
              <value>
                <![CDATA[[TestResult name=testValidLogin status=SUCCESS method=ValidLogin.testValidLogin()[pri:1, instance:script.ValidLogin@543295b0] output=Home Page is Displayed]]]>
              </value>
            </param>
          </params>
          <reporter-output>
          </reporter-output>
        </test-method> <!-- postCondition -->
        <test-method is-config="true" signature="generateReport()[pri:0, instance:script.ValidLogin@543295b0]" started-at="2024-10-23T11:06:39 IST" name="generateReport" finished-at="2024-10-23T11:06:40 IST" duration-ms="760" status="PASS">
          <reporter-output>
          </reporter-output>
        </test-method> <!-- generateReport -->
      </class> <!-- script.ValidLogin -->
    </test> <!-- TestP -->
  </suite> <!-- Suite -->
</testng-results>
