<?xml version="1.0" encoding="UTF-8"?>
<testng-results ignored="0" total="1" passed="1" failed="0" skipped="0">
  <reporter-output>
  </reporter-output>
  <suite started-at="2024-10-21T11:37:34 IST" name="Default suite" finished-at="2024-10-21T11:37:44 IST" duration-ms="9152">
    <groups>
    </groups>
    <test started-at="2024-10-21T11:37:34 IST" name="Default test" finished-at="2024-10-21T11:37:44 IST" duration-ms="9152">
      <class name="script.Demo1">
        <test-method is-config="true" signature="initReport()[pri:0, instance:script.Demo1@4659191b]" started-at="2024-10-21T11:37:34 IST" name="initReport" finished-at="2024-10-21T11:37:34 IST" duration-ms="580" status="PASS">
          <reporter-output>
          </reporter-output>
        </test-method> <!-- initReport -->
        <test-method is-config="true" signature="preCondition(java.lang.reflect.Method,java.lang.String)[pri:0, instance:script.Demo1@4659191b]" started-at="2024-10-21T11:37:35 IST" name="preCondition" finished-at="2024-10-21T11:37:41 IST" duration-ms="6819" status="PASS">
          <params>
            <param index="0">
              <value>
                <![CDATA[public void script.Demo1.testA()]]>
              </value>
            </param>
            <param index="1">
              <value>
                <![CDATA[./config.properties]]>
              </value>
            </param>
          </params>
          <reporter-output>
          </reporter-output>
        </test-method> <!-- preCondition -->
        <test-method signature="testA()[pri:0, instance:script.Demo1@4659191b]" started-at="2024-10-21T11:37:41 IST" name="testA" finished-at="2024-10-21T11:37:43 IST" duration-ms="1931" status="PASS">
          <reporter-output>
          </reporter-output>
        </test-method> <!-- testA -->
        <test-method is-config="true" signature="postCondition(org.testng.ITestResult)[pri:0, instance:script.Demo1@4659191b]" started-at="2024-10-21T11:37:43 IST" name="postCondition" finished-at="2024-10-21T11:37:44 IST" duration-ms="366" status="PASS">
          <params>
            <param index="0">
              <value>
                <![CDATA[[TestResult name=testA status=SUCCESS method=Demo1.testA()[pri:0, instance:script.Demo1@4659191b] output={null}]]]>
              </value>
            </param>
          </params>
          <reporter-output>
          </reporter-output>
        </test-method> <!-- postCondition -->
        <test-method is-config="true" signature="generateReport()[pri:0, instance:script.Demo1@4659191b]" started-at="2024-10-21T11:37:44 IST" name="generateReport" finished-at="2024-10-21T11:37:44 IST" duration-ms="633" status="PASS">
          <reporter-output>
          </reporter-output>
        </test-method> <!-- generateReport -->
      </class> <!-- script.Demo1 -->
    </test> <!-- Default test -->
  </suite> <!-- Default suite -->
</testng-results>
